app/build/outputs/logs/manifest-merger-release-report.txt
-- Merging decision tree log ---
manifest
ADDED from src\main\AndroidManifest.xml:2:1-37:12
	xmlns:android
		ADDED from src\main\AndroidManifest.xml:3:3-61
	package
		ADDED from src\main\AndroidManifest.xml:2:61-93
		INJECTED from src\main\AndroidManifest.xml
		INJECTED from src\main\AndroidManifest.xml
	android:versionName
		ADDED from src\main\AndroidManifest.xml:2:35-60
		INJECTED from src\main\AndroidManifest.xml
		INJECTED from src\main\AndroidManifest.xml
	android:versionCode
		ADDED from src\main\AndroidManifest.xml:2:11-34
		INJECTED from src\main\AndroidManifest.xml
		INJECTED from src\main\AndroidManifest.xml
application
ADDED from src\main\AndroidManifest.xml:4:6-31:19
MERGED from [com.android.support:support-v4:23.1.1] AndroidManifest.xml:22:5-20
	android:label
		ADDED from src\main\AndroidManifest.xml:6:9-41
	android:icon
		ADDED from src\main\AndroidManifest.xml:5:9-47
activity#com.CrisFi.relojAtleti.Info
ADDED from src\main\AndroidManifest.xml:7:9-15:20
	android:label
		ADDED from src\main\AndroidManifest.xml:9:13-45
	android:name
		ADDED from src\main\AndroidManifest.xml:8:13-33
intent-filter#android.intent.action.MAIN+android.intent.category.INFO
ADDED from src\main\AndroidManifest.xml:10:13-14:29
action#android.intent.action.MAIN
ADDED from src\main\AndroidManifest.xml:11:17-69
	android:name
		ADDED from src\main\AndroidManifest.xml:11:25-66
category#android.intent.category.INFO
ADDED from src\main\AndroidManifest.xml:13:17-73
	android:name
		ADDED from src\main\AndroidManifest.xml:13:27-70
activity#com.google.ads.AdActivity
ADDED from src\main\AndroidManifest.xml:17:3-18:126
	android:configChanges
		ADDED from src\main\AndroidManifest.xml:18:15-124
	android:name
		ADDED from src\main\AndroidManifest.xml:17:13-53
receiver#com.CrisFi.relojAtleti.Widget
ADDED from src\main\AndroidManifest.xml:20:9-30:20
	android:label
		ADDED from src\main\AndroidManifest.xml:22:13-48
	android:name
		ADDED from src\main\AndroidManifest.xml:21:13-35
intent-filter#android.appwidget.action.APPWIDGET_UPDATE
ADDED from src\main\AndroidManifest.xml:23:13-25:29
action#android.appwidget.action.APPWIDGET_UPDATE
ADDED from src\main\AndroidManifest.xml:24:17-84
	android:name
		ADDED from src\main\AndroidManifest.xml:24:25-81
meta-data#android.appwidget.provider
ADDED from src\main\AndroidManifest.xml:27:13-29:50
	android:resource
		ADDED from src\main\AndroidManifest.xml:29:17-47
	android:name
		ADDED from src\main\AndroidManifest.xml:28:17-58
uses-sdk
ADDED from src\main\AndroidManifest.xml:33:5-43
MERGED from [com.android.support:support-v4:23.1.1] AndroidManifest.xml:20:5-43
	android:targetSdkVersion
		INJECTED from src\main\AndroidManifest.xml
		INJECTED from src\main\AndroidManifest.xml
	android:minSdkVersion
		ADDED from src\main\AndroidManifest.xml:33:15-40
		INJECTED from src\main\AndroidManifest.xml
		INJECTED from src\main\AndroidManifest.xml
uses-permission#android.permission.INTERNET
ADDED from src\main\AndroidManifest.xml:34:5-66
	android:name
		ADDED from src\main\AndroidManifest.xml:34:22-64
uses-permission#android.permission.ACCESS_NETWORK_STATE
ADDED from src\main\AndroidManifest.xml:35:4-77
	android:name
		ADDED from src\main\AndroidManifest.xml:35:21-75